{"meta": {"format": 3, "version": "7.13.4", "timestamp": "2026-02-25T15:13:06.464666", "branch_coverage": false, "show_contexts": false}, "files": {"cos\\__init__.py": {"executed_lines": [5, 6, 8, 10], "summary": {"covered_lines": 4, "num_statements": 4, "percent_covered": 100.0, "percent_covered_display": "100", "missing_lines": 0, "excluded_lines": 0, "percent_statements_covered": 100.0, "percent_statements_covered_display": "100"}, "missing_lines": [], "excluded_lines": [], "functions": {"": {"executed_lines": [5, 6, 8, 10], "summary": {"covered_lines": 4, "num_statements": 4, "percent_covered": 100.0, "percent_covered_display": "100", "missing_lines": 0, "excluded_lines": 0, "percent_statements_covered": 100.0, "percent_statements_covered_display": "100"}, "missing_lines": [], "excluded_lines": [], "start_line": 1}}, "classes": {"": {"executed_lines": [5, 6, 8, 10], "summary": {"covered_lines": 4, "num_statements": 4, "percent_covered": 100.0, "percent_covered_display": "100", "missing_lines": 0, "excluded_lines": 0, "percent_statements_covered": 100.0, "percent_statements_covered_display": "100"}, "missing_lines": [], "excluded_lines": [], "start_line": 1}}}, "cos\\cli.py": {"executed_lines": [3, 4, 5, 6, 7, 8, 10, 11, 12, 13, 14, 15, 16, 18, 45, 114], "summary": {"covered_lines": 16, "num_statements": 79, "percent_covered": 20.253164556962027, "percent_covered_display": "20", "missing_lines": 63, "excluded_lines": 0, "percent_statements_covered": 20.253164556962027, "percent_statements_covered_display": "20"}, "missing_lines": [20, 21, 22, 24, 32, 33, 34, 35, 36, 37, 38, 39, 40, 41, 43, 47, 49, 57, 58, 60, 61, 62, 64, 65, 66, 67, 68, 69, 70, 71, 72, 73, 74, 75, 77, 78, 79, 81, 86, 88, 89, 90, 91, 92, 93, 94, 95, 96, 97, 99, 100, 102, 103, 104, 105, 106, 107, 108, 109, 110, 111, 112, 115], "excluded_lines": [], "functions": {"handle_exception": {"executed_lines": [], "summary": {"covered_lines": 0, "num_statements": 15, "percent_covered": 0.0, "percent_covered_display": "0", "missing_lines": 15, "excluded_lines": 0, "percent_statements_covered": 0.0, "percent_statements_covered_display": "0"}, "missing_lines": [20, 21, 22, 24, 32, 33, 34, 35, 36, 37, 38, 39, 40, 41, 43], "excluded_lines": [], "start_line": 18}, "main": {"executed_lines": [], "summary": {"covered_lines": 0, "num_statements": 47, "percent_covered": 0.0, "percent_covered_display": "0", "missing_lines": 47, "excluded_lines": 0, "percent_statements_covered": 0.0, "percent_statements_covered_display": "0"}, "missing_lines": [47, 49, 57, 58, 60, 61, 62, 64, 65, 66, 67, 68, 69, 70, 71, 72, 73, 74, 75, 77, 78, 79, 81, 86, 88, 89, 90, 91, 92, 93, 94, 95, 96, 97, 99, 100, 102, 103, 104, 105, 106, 107, 108, 109, 110, 111, 112], "excluded_lines": [], "start_line": 45}, "": {"executed_lines": [3, 4, 5, 6, 7, 8, 10, 11, 12, 13, 14, 15, 16, 18, 45, 114], "summary": {"covered_lines": 16, "num_statements": 17, "percent_covered": 94.11764705882354, "percent_covered_display": "94", "missing_lines": 1, "excluded_lines": 0, "percent_statements_covered": 94.11764705882354, "percent_statements_covered_display": "94"}, "missing_lines": [115], "excluded_lines": [], "start_line": 1}}, "classes": {"": {"executed_lines": [3, 4, 5, 6, 7, 8, 10, 11, 12, 13, 14, 15, 16, 18, 45, 114], "summary": {"covered_lines": 16, "num_statements": 79, "percent_covered": 20.253164556962027, "percent_covered_display": "20", "missing_lines": 63, "excluded_lines": 0, "percent_statements_covered": 20.253164556962027, "percent_statements_covered_display": "20"}, "missing_lines": [20, 21, 22, 24, 32, 33, 34, 35, 36, 37, 38, 39, 40, 41, 43, 47, 49, 57, 58, 60, 61, 62, 64, 65, 66, 67, 68, 69, 70, 71, 72, 73, 74, 75, 77, 78, 79, 81, 86, 88, 89, 90, 91, 92, 93, 94, 95, 96, 97, 99, 100, 102, 103, 104, 105, 106, 107, 108, 109, 110, 111, 112, 115], "excluded_lines": [], "start_line": 1}}}, "cos\\commands\\__init__.py": {"executed_lines": [], "summary": {"covered_lines": 0, "num_statements": 0, "percent_covered": 100.0, "percent_covered_display": "100", "missing_lines": 0, "excluded_lines": 0, "percent_statements_covered": 100.0, "percent_statements_covered_display": "100"}, "missing_lines": [], "excluded_lines": [], "functions": {"": {"executed_lines": [], "summary": {"covered_lines": 0, "num_statements": 0, "percent_covered": 100.0, "percent_covered_display": "100", "missing_lines": 0, "excluded_lines": 0, "percent_statements_covered": 100.0, "percent_statements_covered_display": "100"}, "missing_lines": [], "excluded_lines": [], "start_line": 1}}, "classes": {"": {"executed_lines": [], "summary": {"covered_lines": 0, "num_statements": 0, "percent_covered": 100.0, "percent_covered_display": "100", "missing_lines": 0, "excluded_lines": 0, "percent_statements_covered": 100.0, "percent_statements_covered_display": "100"}, "missing_lines": [], "excluded_lines": [], "start_line": 1}}}, "cos\\commands\\clean.py": {"executed_lines": [3, 4, 5, 6, 8, 9, 11, 12, 13, 15, 18], "summary": {"covered_lines": 11, "num_statements": 48, "percent_covered": 22.916666666666668, "percent_covered_display": "23", "missing_lines": 37, "excluded_lines": 0, "percent_statements_covered": 22.916666666666668, "percent_statements_covered_display": "23"}, "missing_lines": [16, 20, 22, 23, 24, 25, 27, 38, 39, 40, 42, 43, 44, 46, 48, 49, 50, 52, 53, 54, 55, 57, 58, 60, 61, 62, 64, 65, 66, 67, 68, 69, 71, 72, 73, 75, 77], "excluded_lines": [], "functions": {"add_parser": {"executed_lines": [], "summary": {"covered_lines": 0, "num_statements": 1, "percent_covered": 0.0, "percent_covered_display": "0", "missing_lines": 1, "excluded_lines": 0, "percent_statements_covered": 0.0, "percent_statements_covered_display": "0"}, "missing_lines": [16], "excluded_lines": [], "start_line": 15}, "cmd_clean": {"executed_lines": [], "summary": {"covered_lines": 0, "num_statements": 36, "percent_covered": 0.0, "percent_covered_display": "0", "missing_lines": 36, "excluded_lines": 0, "percent_statements_covered": 0.0, "percent_statements_covered_display": "0"}, "missing_lines": [20, 22, 23, 24, 25, 27, 38, 39, 40, 42, 43, 44, 46, 48, 49, 50, 52, 53, 54, 55, 57, 58, 60, 61, 62, 64, 65, 66, 67, 68, 69, 71, 72, 73, 75, 77], "excluded_lines": [], "start_line": 18}, "": {"executed_lines": [3, 4, 5, 6, 8, 9, 11, 12, 13, 15, 18], "summary": {"covered_lines": 11, "num_statements": 11, "percent_covered": 100.0, "percent_covered_display": "100", "missing_lines": 0, "excluded_lines": 0, "percent_statements_covered": 100.0, "percent_statements_covered_display": "100"}, "missing_lines": [], "excluded_lines": [], "start_line": 1}}, "classes": {"": {"executed_lines": [3, 4, 5, 6, 8, 9, 11, 12, 13, 15, 18], "summary": {"covered_lines": 11, "num_statements": 48, "percent_covered": 22.916666666666668, "percent_covered_display": "23", "missing_lines": 37, "excluded_lines": 0, "percent_statements_covered": 22.916666666666668, "percent_statements_covered_display": "23"}, "missing_lines": [16, 20, 22, 23, 24, 25, 27, 38, 39, 40, 42, 43, 44, 46, 48, 49, 50, 52, 53, 54, 55, 57, 58, 60, 61, 62, 64, 65, 66, 67, 68, 69, 71, 72, 73, 75, 77], "excluded_lines": [], "start_line": 1}}}, "cos\\commands\\clone.py": {"executed_lines": [3, 4, 5, 6, 7, 9, 10, 11, 13, 14, 15, 16, 18, 31], "summary": {"covered_lines": 14, "num_statements": 99, "percent_covered": 14.141414141414142, "percent_covered_display": "14", "missing_lines": 85, "excluded_lines": 0, "percent_statements_covered": 14.141414141414142, "percent_statements_covered_display": "14"}, "missing_lines": [19, 20, 21, 22, 28, 29, 33, 34, 36, 37, 38, 39, 40, 42, 43, 44, 45, 46, 48, 50, 51, 52, 53, 54, 56, 57, 58, 60, 61, 62, 64, 65, 66, 67, 68, 69, 70, 72, 73, 74, 75, 76, 77, 79, 80, 81, 82, 83, 85, 87, 88, 89, 91, 92, 93, 94, 96, 97, 98, 99, 100, 101, 103, 104, 105, 106, 107, 108, 110, 111, 113, 114, 115, 116, 117, 119, 124, 125, 127, 128, 129, 130, 131, 133, 134], "excluded_lines": [], "functions": {"add_parser": {"executed_lines": [], "summary": {"covered_lines": 0, "num_statements": 6, "percent_covered": 0.0, "percent_covered_display": "0", "missing_lines": 6, "excluded_lines": 0, "percent_statements_covered": 0.0, "percent_statements_covered_display": "0"}, "missing_lines": [19, 20, 21, 22, 28, 29], "excluded_lines": [], "start_line": 18}, "cmd_clone": {"executed_lines": [], "summary": {"covered_lines": 0, "num_statements": 79, "percent_covered": 0.0, "percent_covered_display": "0", "missing_lines": 79, "excluded_lines": 0, "percent_statements_covered": 0.0, "percent_statements_covered_display": "0"}, "missing_lines": [33, 34, 36, 37, 38, 39, 40, 42, 43, 44, 45, 46, 48, 50, 51, 52, 53, 54, 56, 57, 58, 60, 61, 62, 64, 65, 66, 67, 68, 69, 70, 72, 73, 74, 75, 76, 77, 79, 80, 81, 82, 83, 85, 87, 88, 89, 91, 92, 93, 94, 96, 97, 98, 99, 100, 101, 103, 104, 105, 106, 107, 108, 110, 111, 113, 114, 115, 116, 117, 119, 124, 125, 127, 128, 129, 130, 131, 133, 134], "excluded_lines": [], "start_line": 31}, "": {"executed_lines": [3, 4, 5, 6, 7, 9, 10, 11, 13, 14, 15, 16, 18, 31], "summary": {"covered_lines": 14, "num_statements": 14, "percent_covered": 100.0, "percent_covered_display": "100", "missing_lines": 0, "excluded_lines": 0, "percent_statements_covered": 100.0, "percent_statements_covered_display": "100"}, "missing_lines": [], "excluded_lines": [], "start_line": 1}}, "classes": {"": {"executed_lines": [3, 4, 5, 6, 7, 9, 10, 11, 13, 14, 15, 16, 18, 31], "summary": {"covered_lines": 14, "num_statements": 99, "percent_covered": 14.141414141414142, "percent_covered_display": "14", "missing_lines": 85, "excluded_lines": 0, "percent_statements_covered": 14.141414141414142, "percent_statements_covered_display": "14"}, "missing_lines": [19, 20, 21, 22, 28, 29, 33, 34, 36, 37, 38, 39, 40, 42, 43, 44, 45, 46, 48, 50, 51, 52, 53, 54, 56, 57, 58, 60, 61, 62, 64, 65, 66, 67, 68, 69, 70, 72, 73, 74, 75, 76, 77, 79, 80, 81, 82, 83, 85, 87, 88, 89, 91, 92, 93, 94, 96, 97, 98, 99, 100, 101, 103, 104, 105, 106, 107, 108, 110, 111, 113, 114, 115, 116, 117, 119, 124, 125, 127, 128, 129, 130, 131, 133, 134], "excluded_lines": [], "start_line": 1}}}, "cos\\commands\\export.py": {"executed_lines": [3, 4, 5, 7, 8, 10, 14], "summary": {"covered_lines": 7, "num_statements": 18, "percent_covered": 38.888888888888886, "percent_covered_display": "39", "missing_lines": 11, "excluded_lines": 0, "percent_statements_covered": 38.888888888888886, "percent_statements_covered_display": "39"}, "missing_lines": [11, 12, 16, 17, 19, 20, 21, 22, 23, 25, 26], "excluded_lines": [], "functions": {"add_parser": {"executed_lines": [], "summary": {"covered_lines": 0, "num_statements": 2, "percent_covered": 0.0, "percent_covered_display": "0", "missing_lines": 2, "excluded_lines": 0, "percent_statements_covered": 0.0, "percent_statements_covered_display": "0"}, "missing_lines": [11, 12], "excluded_lines": [], "start_line": 10}, "cmd_export": {"executed_lines": [], "summary": {"covered_lines": 0, "num_statements": 9, "percent_covered": 0.0, "percent_covered_display": "0", "missing_lines": 9, "excluded_lines": 0, "percent_statements_covered": 0.0, "percent_statements_covered_display": "0"}, "missing_lines": [16, 17, 19, 20, 21, 22, 23, 25, 26], "excluded_lines": [], "start_line": 14}, "": {"executed_lines": [3, 4, 5, 7, 8, 10, 14], "summary": {"covered_lines": 7, "num_statements": 7, "percent_covered": 100.0, "percent_covered_display": "100", "missing_lines": 0, "excluded_lines": 0, "percent_statements_covered": 100.0, "percent_statements_covered_display": "100"}, "missing_lines": [], "excluded_lines": [], "start_line": 1}}, "classes": {"": {"executed_lines": [3, 4, 5, 7, 8, 10, 14], "summary": {"covered_lines": 7, "num_statements": 18, "percent_covered": 38.888888888888886, "percent_covered_display": "39", "missing_lines": 11, "excluded_lines": 0, "percent_statements_covered": 38.888888888888886, "percent_statements_covered_display": "39"}, "missing_lines": [11, 12, 16, 17, 19, 20, 21, 22, 23, 25, 26], "excluded_lines": [], "start_line": 1}}}, "cos\\commands\\init.py": {"executed_lines": [3, 4, 5, 6, 7, 8, 10, 11, 12, 13, 15, 16, 17, 19, 22], "summary": {"covered_lines": 15, "num_statements": 66, "percent_covered": 22.727272727272727, "percent_covered_display": "23", "missing_lines": 51, "excluded_lines": 0, "percent_statements_covered": 22.727272727272727, "percent_statements_covered_display": "23"}, "missing_lines": [20, 24, 25, 26, 27, 29, 30, 31, 33, 35, 36, 37, 39, 40, 41, 43, 44, 45, 46, 47, 48, 49, 50, 51, 53, 54, 55, 57, 59, 60, 61, 62, 63, 64, 65, 66, 68, 69, 70, 71, 72, 82, 83, 88, 89, 91, 92, 93, 94, 95, 97], "excluded_lines": [], "functions": {"add_parser": {"executed_lines": [], "summary": {"covered_lines": 0, "num_statements": 1, "percent_covered": 0.0, "percent_covered_display": "0", "missing_lines": 1, "excluded_lines": 0, "percent_statements_covered": 0.0, "percent_statements_covered_display": "0"}, "missing_lines": [20], "excluded_lines": [], "start_line": 19}, "cmd_init": {"executed_lines": [], "summary": {"covered_lines": 0, "num_statements": 50, "percent_covered": 0.0, "percent_covered_display": "0", "missing_lines": 50, "excluded_lines": 0, "percent_statements_covered": 0.0, "percent_statements_covered_display": "0"}, "missing_lines": [24, 25, 26, 27, 29, 30, 31, 33, 35, 36, 37, 39, 40, 41, 43, 44, 45, 46, 47, 48, 49, 50, 51, 53, 54, 55, 57, 59, 60, 61, 62, 63, 64, 65, 66, 68, 69, 70, 71, 72, 82, 83, 88, 89, 91, 92, 93, 94, 95, 97], "excluded_lines": [], "start_line": 22}, "": {"executed_lines": [3, 4, 5, 6, 7, 8, 10, 11, 12, 13, 15, 16, 17, 19, 22], "summary": {"covered_lines": 15, "num_statements": 15, "percent_covered": 100.0, "percent_covered_display": "100", "missing_lines": 0, "excluded_lines": 0, "percent_statements_covered": 100.0, "percent_statements_covered_display": "100"}, "missing_lines": [], "excluded_lines": [], "start_line": 1}}, "classes": {"": {"executed_lines": [3, 4, 5, 6, 7, 8, 10, 11, 12, 13, 15, 16, 17, 19, 22], "summary": {"covered_lines": 15, "num_statements": 66, "percent_covered": 22.727272727272727, "percent_covered_display": "23", "missing_lines": 51, "excluded_lines": 0, "percent_statements_covered": 22.727272727272727, "percent_statements_covered_display": "23"}, "missing_lines": [20, 24, 25, 26, 27, 29, 30, 31, 33, 35, 36, 37, 39, 40, 41, 43, 44, 45, 46, 47, 48, 49, 50, 51, 53, 54, 55, 57, 59, 60, 61, 62, 63, 64, 65, 66, 68, 69, 70, 71, 72, 82, 83, 88, 89, 91, 92, 93, 94, 95, 97], "excluded_lines": [], "start_line": 1}}}, "cos\\commands\\new.py": {"executed_lines": [3, 4, 5, 6, 8, 9, 10, 12, 13, 14, 15, 16, 18, 37], "summary": {"covered_lines": 14, "num_statements": 111, "percent_covered": 12.612612612612613, "percent_covered_display": "13", "missing_lines": 97, "excluded_lines": 0, "percent_statements_covered": 12.612612612612613, "percent_statements_covered_display": "13"}, "missing_lines": [19, 20, 25, 32, 33, 34, 35, 39, 40, 41, 42, 43, 44, 46, 47, 48, 49, 51, 52, 54, 55, 56, 57, 58, 59, 61, 62, 63, 64, 65, 66, 68, 69, 70, 71, 72, 74, 76, 77, 78, 79, 80, 81, 83, 85, 86, 87, 89, 90, 91, 92, 93, 94, 95, 97, 98, 99, 100, 102, 104, 105, 107, 108, 110, 111, 112, 113, 114, 115, 116, 117, 118, 120, 121, 122, 123, 124, 125, 126, 127, 128, 130, 131, 132, 133, 143, 148, 149, 151, 152, 153, 154, 155, 157, 158, 160, 161], "excluded_lines": [], "functions": {"add_parser": {"executed_lines": [], "summary": {"covered_lines": 0, "num_statements": 7, "percent_covered": 0.0, "percent_covered_display": "0", "missing_lines": 7, "excluded_lines": 0, "percent_statements_covered": 0.0, "percent_statements_covered_display": "0"}, "missing_lines": [19, 20, 25, 32, 33, 34, 35], "excluded_lines": [], "start_line": 18}, "cmd_new": {"executed_lines": [], "summary": {"covered_lines": 0, "num_statements": 90, "percent_covered": 0.0, "percent_covered_display": "0", "missing_lines": 90, "excluded_lines": 0, "percent_statements_covered": 0.0, "percent_statements_covered_display": "0"}, "missing_lines": [39, 40, 41, 42, 43, 44, 46, 47, 48, 49, 51, 52, 54, 55, 56, 57, 58, 59, 61, 62, 63, 64, 65, 66, 68, 69, 70, 71, 72, 74, 76, 77, 78, 79, 80, 81, 83, 85, 86, 87, 89, 90, 91, 92, 93, 94, 95, 97, 98, 99, 100, 102, 104, 105, 107, 108, 110, 111, 112, 113, 114, 115, 116, 117, 118, 120, 121, 122, 123, 124, 125, 126, 127, 128, 130, 131, 132, 133, 143, 148, 149, 151, 152, 153, 154, 155, 157, 158, 160, 161], "excluded_lines": [], "start_line": 37}, "": {"executed_lines": [3, 4, 5, 6, 8, 9, 10, 12, 13, 14, 15, 16, 18, 37], "summary": {"covered_lines": 14, "num_statements": 14, "percent_covered": 100.0, "percent_covered_display": "100", "missing_lines": 0, "excluded_lines": 0, "percent_statements_covered": 100.0, "percent_statements_covered_display": "100"}, "missing_lines": [], "excluded_lines": [], "start_line": 1}}, "classes": {"": {"executed_lines": [3, 4, 5, 6, 8, 9, 10, 12, 13, 14, 15, 16, 18, 37], "summary": {"covered_lines": 14, "num_statements": 111, "percent_covered": 12.612612612612613, "percent_covered_display": "13", "missing_lines": 97, "excluded_lines": 0, "percent_statements_covered": 12.612612612612613, "percent_statements_covered_display": "13"}, "missing_lines": [19, 20, 25, 32, 33, 34, 35, 39, 40, 41, 42, 43, 44, 46, 47, 48, 49, 51, 52, 54, 55, 56, 57, 58, 59, 61, 62, 63, 64, 65, 66, 68, 69, 70, 71, 72, 74, 76, 77, 78, 79, 80, 81, 83, 85, 86, 87, 89, 90, 91, 92, 93, 94, 95, 97, 98, 99, 100, 102, 104, 105, 107, 108, 110, 111, 112, 113, 114, 115, 116, 117, 118, 120, 121, 122, 123, 124, 125, 126, 127, 128, 130, 131, 132, 133, 143, 148, 149, 151, 152, 153, 154, 155, 157, 158, 160, 161], "excluded_lines": [], "start_line": 1}}}, "cos\\commands\\resurrect.py": {"executed_lines": [3, 4, 5, 6, 8, 9, 11, 12, 13, 15, 18], "summary": {"covered_lines": 11, "num_statements": 68, "percent_covered": 16.176470588235293, "percent_covered_display": "16", "missing_lines": 57, "excluded_lines": 0, "percent_statements_covered": 16.176470588235293, "percent_statements_covered_display": "16"}, "missing_lines": [16, 20, 21, 23, 24, 25, 27, 28, 29, 30, 31, 32, 33, 34, 36, 37, 38, 40, 41, 42, 43, 44, 46, 47, 49, 50, 52, 53, 55, 56, 57, 58, 59, 60, 61, 63, 64, 65, 66, 67, 68, 69, 71, 73, 74, 76, 77, 78, 80, 81, 83, 84, 85, 86, 88, 89, 90], "excluded_lines": [], "functions": {"add_parser": {"executed_lines": [], "summary": {"covered_lines": 0, "num_statements": 1, "percent_covered": 0.0, "percent_covered_display": "0", "missing_lines": 1, "excluded_lines": 0, "percent_statements_covered": 0.0, "percent_statements_covered_display": "0"}, "missing_lines": [16], "excluded_lines": [], "start_line": 15}, "cmd_resurrect": {"executed_lines": [], "summary": {"covered_lines": 0, "num_statements": 56, "percent_covered": 0.0, "percent_covered_display": "0", "missing_lines": 56, "excluded_lines": 0, "percent_statements_covered": 0.0, "percent_statements_covered_display": "0"}, "missing_lines": [20, 21, 23, 24, 25, 27, 28, 29, 30, 31, 32, 33, 34, 36, 37, 38, 40, 41, 42, 43, 44, 46, 47, 49, 50, 52, 53, 55, 56, 57, 58, 59, 60, 61, 63, 64, 65, 66, 67, 68, 69, 71, 73, 74, 76, 77, 78, 80, 81, 83, 84, 85, 86, 88, 89, 90], "excluded_lines": [], "start_line": 18}, "": {"executed_lines": [3, 4, 5, 6, 8, 9, 11, 12, 13, 15, 18], "summary": {"covered_lines": 11, "num_statements": 11, "percent_covered": 100.0, "percent_covered_display": "100", "missing_lines": 0, "excluded_lines": 0, "percent_statements_covered": 100.0, "percent_statements_covered_display": "100"}, "missing_lines": [], "excluded_lines": [], "start_line": 1}}, "classes": {"": {"executed_lines": [3, 4, 5, 6, 8, 9, 11, 12, 13, 15, 18], "summary": {"covered_lines": 11, "num_statements": 68, "percent_covered": 16.176470588235293, "percent_covered_display": "16", "missing_lines": 57, "excluded_lines": 0, "percent_statements_covered": 16.176470588235293, "percent_statements_covered_display": "16"}, "missing_lines": [16, 20, 21, 23, 24, 25, 27, 28, 29, 30, 31, 32, 33, 34, 36, 37, 38, 40, 41, 42, 43, 44, 46, 47, 49, 50, 52, 53, 55, 56, 57, 58, 59, 60, 61, 63, 64, 65, 66, 67, 68, 69, 71, 73, 74, 76, 77, 78, 80, 81, 83, 84, 85, 86, 88, 89, 90], "excluded_lines": [], "start_line": 1}}}, "cos\\commands\\sort_exports.py": {"executed_lines": [3, 4, 5, 6, 7, 9, 10, 11, 13, 16], "summary": {"covered_lines": 10, "num_statements": 44, "percent_covered": 22.727272727272727, "percent_covered_display": "23", "missing_lines": 34, "excluded_lines": 0, "percent_statements_covered": 22.727272727272727, "percent_statements_covered_display": "23"}, "missing_lines": [14, 18, 19, 20, 21, 22, 23, 25, 27, 28, 29, 31, 32, 33, 34, 35, 36, 37, 39, 40, 41, 43, 44, 46, 47, 48, 49, 50, 52, 53, 54, 55, 56, 58], "excluded_lines": [], "functions": {"add_parser": {"executed_lines": [], "summary": {"covered_lines": 0, "num_statements": 1, "percent_covered": 0.0, "percent_covered_display": "0", "missing_lines": 1, "excluded_lines": 0, "percent_statements_covered": 0.0, "percent_statements_covered_display": "0"}, "missing_lines": [14], "excluded_lines": [], "start_line": 13}, "cmd_sort_exports": {"executed_lines": [], "summary": {"covered_lines": 0, "num_statements": 33, "percent_covered": 0.0, "percent_covered_display": "0", "missing_lines": 33, "excluded_lines": 0, "percent_statements_covered": 0.0, "percent_statements_covered_display": "0"}, "missing_lines": [18, 19, 20, 21, 22, 23, 25, 27, 28, 29, 31, 32, 33, 34, 35, 36, 37, 39, 40, 41, 43, 44, 46, 47, 48, 49, 50, 52, 53, 54, 55, 56, 58], "excluded_lines": [], "start_line": 16}, "": {"executed_lines": [3, 4, 5, 6, 7, 9, 10, 11, 13, 16], "summary": {"covered_lines": 10, "num_statements": 10, "percent_covered": 100.0, "percent_covered_display": "100", "missing_lines": 0, "excluded_lines": 0, "percent_statements_covered": 100.0, "percent_statements_covered_display": "100"}, "missing_lines": [], "excluded_lines": [], "start_line": 1}}, "classes": {"": {"executed_lines": [3, 4, 5, 6, 7, 9, 10, 11, 13, 16], "summary": {"covered_lines": 10, "num_statements": 44, "percent_covered": 22.727272727272727, "percent_covered_display": "23", "missing_lines": 34, "excluded_lines": 0, "percent_statements_covered": 22.727272727272727, "percent_statements_covered_display": "23"}, "missing_lines": [14, 18, 19, 20, 21, 22, 23, 25, 27, 28, 29, 31, 32, 33, 34, 35, 36, 37, 39, 40, 41, 43, 44, 46, 47, 48, 49, 50, 52, 53, 54, 55, 56, 58], "excluded_lines": [], "start_line": 1}}}, "cos\\commands\\sync.py": {"executed_lines": [3, 4, 5, 6, 7, 8, 9, 11, 12, 14, 15, 17, 18, 20, 23, 33, 39, 41, 42, 43, 47, 48, 50, 65, 147], "summary": {"covered_lines": 25, "num_statements": 152, "percent_covered": 16.44736842105263, "percent_covered_display": "16", "missing_lines": 127, "excluded_lines": 0, "percent_statements_covered": 16.44736842105263, "percent_statements_covered_display": "16"}, "missing_lines": [21, 25, 26, 27, 28, 29, 30, 31, 35, 36, 37, 52, 53, 54, 55, 57, 58, 59, 60, 61, 62, 63, 67, 68, 70, 71, 72, 73, 74, 76, 77, 78, 80, 81, 84, 85, 86, 87, 88, 89, 90, 93, 94, 95, 96, 97, 98, 99, 103, 104, 105, 106, 108, 109, 110, 111, 113, 114, 116, 117, 118, 119, 120, 122, 124, 125, 126, 128, 129, 130, 131, 132, 133, 134, 135, 136, 138, 139, 140, 142, 143, 145, 149, 150, 151, 152, 154, 155, 156, 157, 159, 160, 162, 163, 165, 166, 167, 169, 170, 171, 172, 173, 175, 176, 177, 179, 181, 183, 184, 185, 186, 191, 193, 194, 195, 196, 197, 198, 200, 201, 203, 204, 206, 207, 209, 210, 212], "excluded_lines": [], "functions": {"add_parser": {"executed_lines": [], "summary": {"covered_lines": 0, "num_statements": 1, "percent_covered": 0.0, "percent_covered_display": "0", "missing_lines": 1, "excluded_lines": 0, "percent_statements_covered": 0.0, "percent_statements_covered_display": "0"}, "missing_lines": [21], "excluded_lines": [], "start_line": 20}, "load_sync_state": {"executed_lines": [], "summary": {"covered_lines": 0, "num_statements": 7, "percent_covered": 0.0, "percent_covered_display": "0", "missing_lines": 7, "excluded_lines": 0, "percent_statements_covered": 0.0, "percent_statements_covered_display": "0"}, "missing_lines": [25, 26, 27, 28, 29, 30, 31], "excluded_lines": [], "start_line": 23}, "save_sync_state": {"executed_lines": [], "summary": {"covered_lines": 0, "num_statements": 3, "percent_covered": 0.0, "percent_covered_display": "0", "missing_lines": 3, "excluded_lines": 0, "percent_statements_covered": 0.0, "percent_statements_covered_display": "0"}, "missing_lines": [35, 36, 37], "excluded_lines": [], "start_line": 33}, "get_file_fingerprint": {"executed_lines": [41, 42, 43, 47, 48], "summary": {"covered_lines": 5, "num_statements": 5, "percent_covered": 100.0, "percent_covered_display": "100", "missing_lines": 0, "excluded_lines": 0, "percent_statements_covered": 100.0, "percent_statements_covered_display": "100"}, "missing_lines": [], "excluded_lines": [], "start_line": 39}, "get_syncable_files": {"executed_lines": [], "summary": {"covered_lines": 0, "num_statements": 11, "percent_covered": 0.0, "percent_covered_display": "0", "missing_lines": 11, "excluded_lines": 0, "percent_statements_covered": 0.0, "percent_statements_covered_display": "0"}, "missing_lines": [52, 53, 54, 55, 57, 58, 59, 60, 61, 62, 63], "excluded_lines": [], "start_line": 50}, "sync_two_folders": {"executed_lines": [], "summary": {"covered_lines": 0, "num_statements": 60, "percent_covered": 0.0, "percent_covered_display": "0", "missing_lines": 60, "excluded_lines": 0, "percent_statements_covered": 0.0, "percent_statements_covered_display": "0"}, "missing_lines": [67, 68, 70, 71, 72, 73, 74, 76, 77, 78, 80, 81, 84, 85, 86, 87, 88, 89, 90, 93, 94, 95, 96, 97, 98, 99, 103, 104, 105, 106, 108, 109, 110, 111, 113, 114, 116, 117, 118, 119, 120, 122, 124, 125, 126, 128, 129, 130, 131, 132, 133, 134, 135, 136, 138, 139, 140, 142, 143, 145], "excluded_lines": [], "start_line": 65}, "cmd_sync": {"executed_lines": [], "summary": {"covered_lines": 0, "num_statements": 45, "percent_covered": 0.0, "percent_covered_display": "0", "missing_lines": 45, "excluded_lines": 0, "percent_statements_covered": 0.0, "percent_statements_covered_display": "0"}, "missing_lines": [149, 150, 151, 152, 154, 155, 156, 157, 159, 160, 162, 163, 165, 166, 167, 169, 170, 171, 172, 173, 175, 176, 177, 179, 181, 183, 184, 185, 186, 191, 193, 194, 195, 196, 197, 198, 200, 201, 203, 204, 206, 207, 209, 210, 212], "excluded_lines": [], "start_line": 147}, "": {"executed_lines": [3, 4, 5, 6, 7, 8, 9, 11, 12, 14, 15, 17, 18, 20, 23, 33, 39, 50, 65, 147], "summary": {"covered_lines": 20, "num_statements": 20, "percent_covered": 100.0, "percent_covered_display": "100", "missing_lines": 0, "excluded_lines": 0, "percent_statements_covered": 100.0, "percent_statements_covered_display": "100"}, "missing_lines": [], "excluded_lines": [], "start_line": 1}}, "classes": {"": {"executed_lines": [3, 4, 5, 6, 7, 8, 9, 11, 12, 14, 15, 17, 18, 20, 23, 33, 39, 41, 42, 43, 47, 48, 50, 65, 147], "summary": {"covered_lines": 25, "num_statements": 152, "percent_covered": 16.44736842105263, "percent_covered_display": "16", "missing_lines": 127, "excluded_lines": 0, "percent_statements_covered": 16.44736842105263, "percent_statements_covered_display": "16"}, "missing_lines": [21, 25, 26, 27, 28, 29, 30, 31, 35, 36, 37, 52, 53, 54, 55, 57, 58, 59, 60, 61, 62, 63, 67, 68, 70, 71, 72, 73, 74, 76, 77, 78, 80, 81, 84, 85, 86, 87, 88, 89, 90, 93, 94, 95, 96, 97, 98, 99, 103, 104, 105, 106, 108, 109, 110, 111, 113, 114, 116, 117, 118, 119, 120, 122, 124, 125, 126, 128, 129, 130, 131, 132, 133, 134, 135, 136, 138, 139, 140, 142, 143, 145, 149, 150, 151, 152, 154, 155, 156, 157, 159, 160, 162, 163, 165, 166, 167, 169, 170, 171, 172, 173, 175, 176, 177, 179, 181, 183, 184, 185, 186, 191, 193, 194, 195, 196, 197, 198, 200, 201, 203, 204, 206, 207, 209, 210, 212], "excluded_lines": [], "start_line": 1}}}, "cos\\commands\\thumbs.py": {"executed_lines": [3, 4, 5, 6, 7, 8, 10, 11, 13, 16], "summary": {"covered_lines": 10, "num_statements": 40, "percent_covered": 25.0, "percent_covered_display": "25", "missing_lines": 30, "excluded_lines": 0, "percent_statements_covered": 25.0, "percent_statements_covered_display": "25"}, "missing_lines": [14, 18, 19, 20, 22, 23, 24, 25, 26, 27, 28, 29, 30, 31, 32, 33, 34, 36, 37, 38, 39, 40, 41, 42, 43, 44, 45, 46, 48, 49], "excluded_lines": [], "functions": {"add_parser": {"executed_lines": [], "summary": {"covered_lines": 0, "num_statements": 1, "percent_covered": 0.0, "percent_covered_display": "0", "missing_lines": 1, "excluded_lines": 0, "percent_statements_covered": 0.0, "percent_statements_covered_display": "0"}, "missing_lines": [14], "excluded_lines": [], "start_line": 13}, "cmd_thumbs": {"executed_lines": [], "summary": {"covered_lines": 0, "num_statements": 29, "percent_covered": 0.0, "percent_covered_display": "0", "missing_lines": 29, "excluded_lines": 0, "percent_statements_covered": 0.0, "percent_statements_covered_display": "0"}, "missing_lines": [18, 19, 20, 22, 23, 24, 25, 26, 27, 28, 29, 30, 31, 32, 33, 34, 36, 37, 38, 39, 40, 41, 42, 43, 44, 45, 46, 48, 49], "excluded_lines": [], "start_line": 16}, "": {"executed_lines": [3, 4, 5, 6, 7, 8, 10, 11, 13, 16], "summary": {"covered_lines": 10, "num_statements": 10, "percent_covered": 100.0, "percent_covered_display": "100", "missing_lines": 0, "excluded_lines": 0, "percent_statements_covered": 100.0, "percent_statements_covered_display": "100"}, "missing_lines": [], "excluded_lines": [], "start_line": 1}}, "classes": {"": {"executed_lines": [3, 4, 5, 6, 7, 8, 10, 11, 13, 16], "summary": {"covered_lines": 10, "num_statements": 40, "percent_covered": 25.0, "percent_covered_display": "25", "missing_lines": 30, "excluded_lines": 0, "percent_statements_covered": 25.0, "percent_statements_covered_display": "25"}, "missing_lines": [14, 18, 19, 20, 22, 23, 24, 25, 26, 27, 28, 29, 30, 31, 32, 33, 34, 36, 37, 38, 39, 40, 41, 42, 43, 44, 45, 46, 48, 49], "excluded_lines": [], "start_line": 1}}}, "cos\\commands\\travel.py": {"executed_lines": [3, 4, 5, 6, 8, 9, 11, 12, 13, 15, 18], "summary": {"covered_lines": 11, "num_statements": 36, "percent_covered": 30.555555555555557, "percent_covered_display": "31", "missing_lines": 25, "excluded_lines": 0, "percent_statements_covered": 30.555555555555557, "percent_statements_covered_display": "31"}, "missing_lines": [16, 20, 22, 23, 24, 26, 28, 29, 30, 31, 33, 34, 36, 37, 39, 41, 42, 44, 45, 46, 48, 49, 50, 52, 53], "excluded_lines": [], "functions": {"add_parser": {"executed_lines": [], "summary": {"covered_lines": 0, "num_statements": 1, "percent_covered": 0.0, "percent_covered_display": "0", "missing_lines": 1, "excluded_lines": 0, "percent_statements_covered": 0.0, "percent_statements_covered_display": "0"}, "missing_lines": [16], "excluded_lines": [], "start_line": 15}, "cmd_travel": {"executed_lines": [], "summary": {"covered_lines": 0, "num_statements": 24, "percent_covered": 0.0, "percent_covered_display": "0", "missing_lines": 24, "excluded_lines": 0, "percent_statements_covered": 0.0, "percent_statements_covered_display": "0"}, "missing_lines": [20, 22, 23, 24, 26, 28, 29, 30, 31, 33, 34, 36, 37, 39, 41, 42, 44, 45, 46, 48, 49, 50, 52, 53], "excluded_lines": [], "start_line": 18}, "": {"executed_lines": [3, 4, 5, 6, 8, 9, 11, 12, 13, 15, 18], "summary": {"covered_lines": 11, "num_statements": 11, "percent_covered": 100.0, "percent_covered_display": "100", "missing_lines": 0, "excluded_lines": 0, "percent_statements_covered": 100.0, "percent_statements_covered_display": "100"}, "missing_lines": [], "excluded_lines": [], "start_line": 1}}, "classes": {"": {"executed_lines": [3, 4, 5, 6, 8, 9, 11, 12, 13, 15, 18], "summary": {"covered_lines": 11, "num_statements": 36, "percent_covered": 30.555555555555557, "percent_covered_display": "31", "missing_lines": 25, "excluded_lines": 0, "percent_statements_covered": 30.555555555555557, "percent_statements_covered_display": "31"}, "missing_lines": [16, 20, 22, 23, 24, 26, 28, 29, 30, 31, 33, 34, 36, 37, 39, 41, 42, 44, 45, 46, 48, 49, 50, 52, 53], "excluded_lines": [], "start_line": 1}}}, "cos\\config.py": {"executed_lines": [3, 4, 5, 6, 7, 8, 10, 13, 14, 15, 18, 19, 21, 23, 25, 29, 30, 32, 33, 34, 35, 36, 37, 38, 39, 43, 51, 52, 55, 58, 59, 62, 63, 66, 70, 73], "summary": {"covered_lines": 36, "num_statements": 38, "percent_covered": 94.73684210526316, "percent_covered_display": "95", "missing_lines": 2, "excluded_lines": 0, "percent_statements_covered": 94.73684210526316, "percent_statements_covered_display": "95"}, "missing_lines": [26, 27], "excluded_lines": [], "functions": {"": {"executed_lines": [3, 4, 5, 6, 7, 8, 10, 13, 14, 15, 18, 19, 21, 23, 25, 29, 30, 32, 33, 34, 35, 36, 37, 38, 39, 43, 51, 52, 55, 58, 59, 62, 63, 66, 70, 73], "summary": {"covered_lines": 36, "num_statements": 38, "percent_covered": 94.73684210526316, "percent_covered_display": "95", "missing_lines": 2, "excluded_lines": 0, "percent_statements_covered": 94.73684210526316, "percent_statements_covered_display": "95"}, "missing_lines": [26, 27], "excluded_lines": [], "start_line": 1}}, "classes": {"": {"executed_lines": [3, 4, 5, 6, 7, 8, 10, 13, 14, 15, 18, 19, 21, 23, 25, 29, 30, 32, 33, 34, 35, 36, 37, 38, 39, 43, 51, 52, 55, 58, 59, 62, 63, 66, 70, 73], "summary": {"covered_lines": 36, "num_statements": 38, "percent_covered": 94.73684210526316, "percent_covered_display": "95", "missing_lines": 2, "excluded_lines": 0, "percent_statements_covered": 94.73684210526316, "percent_statements_covered_display": "95"}, "missing_lines": [26, 27], "excluded_lines": [], "start_line": 1}}}, "cos\\console.py": {"executed_lines": [3, 4, 6, 15], "summary": {"covered_lines": 4, "num_statements": 4, "percent_covered": 100.0, "percent_covered_display": "100", "missing_lines": 0, "excluded_lines": 0, "percent_statements_covered": 100.0, "percent_statements_covered_display": "100"}, "missing_lines": [], "excluded_lines": [], "functions": {"": {"executed_lines": [3, 4, 6, 15], "summary": {"covered_lines": 4, "num_statements": 4, "percent_covered": 100.0, "percent_covered_display": "100", "missing_lines": 0, "excluded_lines": 0, "percent_statements_covered": 100.0, "percent_statements_covered_display": "100"}, "missing_lines": [], "excluded_lines": [], "start_line": 1}}, "classes": {"": {"executed_lines": [3, 4, 6, 15], "summary": {"covered_lines": 4, "num_statements": 4, "percent_covered": 100.0, "percent_covered_display": "100", "missing_lines": 0, "excluded_lines": 0, "percent_statements_covered": 100.0, "percent_statements_covered_display": "100"}, "missing_lines": [], "excluded_lines": [], "start_line": 1}}}, "cos\\file_utils.py": {"executed_lines": [3, 4, 5, 6, 7, 8, 9, 10, 11, 12, 13, 15, 16, 18, 20, 28, 37, 50, 54, 56, 57, 59, 60, 61, 62, 65, 66, 71, 72, 73, 75, 81, 83, 84, 85, 91, 94, 97, 99, 101, 106, 107, 109, 111, 113, 115, 116, 117, 118, 122, 123, 125, 127, 156, 163], "summary": {"covered_lines": 55, "num_statements": 107, "percent_covered": 51.401869158878505, "percent_covered_display": "51", "missing_lines": 52, "excluded_lines": 0, "percent_statements_covered": 51.401869158878505, "percent_statements_covered_display": "51"}, "missing_lines": [24, 25, 26, 30, 31, 32, 33, 34, 35, 41, 42, 43, 44, 46, 47, 48, 67, 68, 76, 77, 78, 79, 86, 87, 88, 95, 119, 120, 131, 133, 134, 135, 136, 138, 146, 148, 149, 150, 152, 153, 154, 160, 161, 167, 168, 169, 170, 171, 172, 173, 174, 175], "excluded_lines": [], "functions": {"get_date_slug": {"executed_lines": [], "summary": {"covered_lines": 0, "num_statements": 3, "percent_covered": 0.0, "percent_covered_display": "0", "missing_lines": 3, "excluded_lines": 0, "percent_statements_covered": 0.0, "percent_statements_covered_display": "0"}, "missing_lines": [24, 25, 26], "excluded_lines": [], "start_line": 20}, "format_path": {"executed_lines": [], "summary": {"covered_lines": 0, "num_statements": 6, "percent_covered": 0.0, "percent_covered_display": "0", "missing_lines": 6, "excluded_lines": 0, "percent_statements_covered": 0.0, "percent_statements_covered_display": "0"}, "missing_lines": [30, 31, 32, 33, 34, 35], "excluded_lines": [], "start_line": 28}, "get_export_month_path": {"executed_lines": [], "summary": {"covered_lines": 0, "num_statements": 7, "percent_covered": 0.0, "percent_covered_display": "0", "missing_lines": 7, "excluded_lines": 0, "percent_statements_covered": 0.0, "percent_statements_covered_display": "0"}, "missing_lines": [41, 42, 43, 44, 46, 47, 48], "excluded_lines": [], "start_line": 37}, "find_meta_in_cwd": {"executed_lines": [54, 56, 57, 59, 60, 61, 62, 65, 66, 71, 72, 73, 75, 81, 83, 84, 85, 91, 94, 97, 99], "summary": {"covered_lines": 21, "num_statements": 31, "percent_covered": 67.74193548387096, "percent_covered_display": "68", "missing_lines": 10, "excluded_lines": 0, "percent_statements_covered": 67.74193548387096, "percent_statements_covered_display": "68"}, "missing_lines": [67, 68, 76, 77, 78, 79, 86, 87, 88, 95], "excluded_lines": [], "start_line": 50}, "get_smart_date": {"executed_lines": [106, 107, 109, 111, 113, 115, 116, 117, 118, 122, 123, 125], "summary": {"covered_lines": 12, "num_statements": 14, "percent_covered": 85.71428571428571, "percent_covered_display": "86", "missing_lines": 2, "excluded_lines": 0, "percent_statements_covered": 85.71428571428571, "percent_statements_covered_display": "86"}, "missing_lines": [119, 120], "excluded_lines": [], "start_line": 101}, "copy_with_progress": {"executed_lines": [], "summary": {"covered_lines": 0, "num_statements": 13, "percent_covered": 0.0, "percent_covered_display": "0", "missing_lines": 13, "excluded_lines": 0, "percent_statements_covered": 0.0, "percent_statements_covered_display": "0"}, "missing_lines": [131, 133, 134, 135, 136, 138, 146, 148, 149, 150, 152, 153, 154], "excluded_lines": [], "start_line": 127}, "remove_readonly": {"executed_lines": [], "summary": {"covered_lines": 0, "num_statements": 2, "percent_covered": 0.0, "percent_covered_display": "0", "missing_lines": 2, "excluded_lines": 0, "percent_statements_covered": 0.0, "percent_statements_covered_display": "0"}, "missing_lines": [160, 161], "excluded_lines": [], "start_line": 156}, "robust_rmtree": {"executed_lines": [], "summary": {"covered_lines": 0, "num_statements": 9, "percent_covered": 0.0, "percent_covered_display": "0", "missing_lines": 9, "excluded_lines": 0, "percent_statements_covered": 0.0, "percent_statements_covered_display": "0"}, "missing_lines": [167, 168, 169, 170, 171, 172, 173, 174, 175], "excluded_lines": [], "start_line": 163}, "": {"executed_lines": [3, 4, 5, 6, 7, 8, 9, 10, 11, 12, 13, 15, 16, 18, 20, 28, 37, 50, 101, 127, 156, 163], "summary": {"covered_lines": 22, "num_statements": 22, "percent_covered": 100.0, "percent_covered_display": "100", "missing_lines": 0, "excluded_lines": 0, "percent_statements_covered": 100.0, "percent_statements_covered_display": "100"}, "missing_lines": [], "excluded_lines": [], "start_line": 1}}, "classes": {"": {"executed_lines": [3, 4, 5, 6, 7, 8, 9, 10, 11, 12, 13, 15, 16, 18, 20, 28, 37, 50, 54, 56, 57, 59, 60, 61, 62, 65, 66, 71, 72, 73, 75, 81, 83, 84, 85, 91, 94, 97, 99, 101, 106, 107, 109, 111, 113, 115, 116, 117, 118, 122, 123, 125, 127, 156, 163], "summary": {"covered_lines": 55, "num_statements": 107, "percent_covered": 51.401869158878505, "percent_covered_display": "51", "missing_lines": 52, "excluded_lines": 0, "percent_statements_covered": 51.401869158878505, "percent_statements_covered_display": "51"}, "missing_lines": [24, 25, 26, 30, 31, 32, 33, 34, 35, 41, 42, 43, 44, 46, 47, 48, 67, 68, 76, 77, 78, 79, 86, 87, 88, 95, 119, 120, 131, 133, 134, 135, 136, 138, 146, 148, 149, 150, 152, 153, 154, 160, 161, 167, 168, 169, 170, 171, 172, 173, 174, 175], "excluded_lines": [], "start_line": 1}}}, "cos\\git_utils.py": {"executed_lines": [3, 4, 5, 6, 7, 8, 10], "summary": {"covered_lines": 7, "num_statements": 36, "percent_covered": 19.444444444444443, "percent_covered_display": "19", "missing_lines": 29, "excluded_lines": 0, "percent_statements_covered": 19.444444444444443, "percent_statements_covered_display": "19"}, "missing_lines": [14, 17, 18, 19, 20, 21, 22, 23, 24, 27, 28, 30, 31, 33, 34, 36, 39, 40, 41, 42, 44, 45, 46, 47, 48, 49, 50, 51, 53], "excluded_lines": [], "functions": {"setup_git": {"executed_lines": [], "summary": {"covered_lines": 0, "num_statements": 29, "percent_covered": 0.0, "percent_covered_display": "0", "missing_lines": 29, "excluded_lines": 0, "percent_statements_covered": 0.0, "percent_statements_covered_display": "0"}, "missing_lines": [14, 17, 18, 19, 20, 21, 22, 23, 24, 27, 28, 30, 31, 33, 34, 36, 39, 40, 41, 42, 44, 45, 46, 47, 48, 49, 50, 51, 53], "excluded_lines": [], "start_line": 10}, "": {"executed_lines": [3, 4, 5, 6, 7, 8, 10], "summary": {"covered_lines": 7, "num_statements": 7, "percent_covered": 100.0, "percent_covered_display": "100", "missing_lines": 0, "excluded_lines": 0, "percent_statements_covered": 100.0, "percent_statements_covered_display": "100"}, "missing_lines": [], "excluded_lines": [], "start_line": 1}}, "classes": {"": {"executed_lines": [3, 4, 5, 6, 7, 8, 10], "summary": {"covered_lines": 7, "num_statements": 36, "percent_covered": 19.444444444444443, "percent_covered_display": "19", "missing_lines": 29, "excluded_lines": 0, "percent_statements_covered": 19.444444444444443, "percent_statements_covered_display": "19"}, "missing_lines": [14, 17, 18, 19, 20, 21, 22, 23, 24, 27, 28, 30, 31, 33, 34, 36, 39, 40, 41, 42, 44, 45, 46, 47, 48, 49, 50, 51, 53], "excluded_lines": [], "start_line": 1}}}, "cos\\security.py": {"executed_lines": [3, 4, 5, 6, 8, 12, 13, 15, 16, 19, 26, 29, 32, 35, 38, 39, 40, 43, 44, 46, 49, 51, 55, 56, 58, 61, 62, 65, 66, 69, 70, 71, 72, 74, 79, 80, 81, 82, 85, 86, 89, 90, 92, 100, 109, 118], "summary": {"covered_lines": 46, "num_statements": 63, "percent_covered": 73.01587301587301, "percent_covered_display": "73", "missing_lines": 17, "excluded_lines": 0, "percent_statements_covered": 73.01587301587301, "percent_statements_covered_display": "73"}, "missing_lines": [47, 73, 75, 76, 104, 105, 106, 107, 113, 114, 115, 116, 122, 123, 124, 125, 126], "excluded_lines": [], "functions": {"sanitize_path_input": {"executed_lines": [12, 13, 15, 16, 19, 26, 29, 32, 35, 38, 39, 40, 43, 44, 46, 49], "summary": {"covered_lines": 16, "num_statements": 17, "percent_covered": 94.11764705882354, "percent_covered_display": "94", "missing_lines": 1, "excluded_lines": 0, "percent_statements_covered": 94.11764705882354, "percent_statements_covered_display": "94"}, "missing_lines": [47], "excluded_lines": [], "start_line": 8}, "validate_git_url": {"executed_lines": [55, 56, 58, 61, 62, 65, 66, 69, 70, 71, 72, 74, 79, 80, 81, 82, 85, 86, 89, 90, 92], "summary": {"covered_lines": 21, "num_statements": 24, "percent_covered": 87.5, "percent_covered_display": "88", "missing_lines": 3, "excluded_lines": 0, "percent_statements_covered": 87.5, "percent_statements_covered_display": "88"}, "missing_lines": [73, 75, 76], "excluded_lines": [], "start_line": 51}, "validate_project_name": {"executed_lines": [], "summary": {"covered_lines": 0, "num_statements": 4, "percent_covered": 0.0, "percent_covered_display": "0", "missing_lines": 4, "excluded_lines": 0, "percent_statements_covered": 0.0, "percent_statements_covered_display": "0"}, "missing_lines": [104, 105, 106, 107], "excluded_lines": [], "start_line": 100}, "validate_client_name": {"executed_lines": [], "summary": {"covered_lines": 0, "num_statements": 4, "percent_covered": 0.0, "percent_covered_display": "0", "missing_lines": 4, "excluded_lines": 0, "percent_statements_covered": 0.0, "percent_statements_covered_display": "0"}, "missing_lines": [113, 114, 115, 116], "excluded_lines": [], "start_line": 109}, "validate_date": {"executed_lines": [], "summary": {"covered_lines": 0, "num_statements": 5, "percent_covered": 0.0, "percent_covered_display": "0", "missing_lines": 5, "excluded_lines": 0, "percent_statements_covered": 0.0, "percent_statements_covered_display": "0"}, "missing_lines": [122, 123, 124, 125, 126], "excluded_lines": [], "start_line": 118}, "": {"executed_lines": [3, 4, 5, 6, 8, 51, 100, 109, 118], "summary": {"covered_lines": 9, "num_statements": 9, "percent_covered": 100.0, "percent_covered_display": "100", "missing_lines": 0, "excluded_lines": 0, "percent_statements_covered": 100.0, "percent_statements_covered_display": "100"}, "missing_lines": [], "excluded_lines": [], "start_line": 1}}, "classes": {"": {"executed_lines": [3, 4, 5, 6, 8, 12, 13, 15, 16, 19, 26, 29, 32, 35, 38, 39, 40, 43, 44, 46, 49, 51, 55, 56, 58, 61, 62, 65, 66, 69, 70, 71, 72, 74, 79, 80, 81, 82, 85, 86, 89, 90, 92, 100, 109, 118], "summary": {"covered_lines": 46, "num_statements": 63, "percent_covered": 73.01587301587301, "percent_covered_display": "73", "missing_lines": 17, "excluded_lines": 0, "percent_statements_covered": 73.01587301587301, "percent_statements_covered_display": "73"}, "missing_lines": [47, 73, 75, 76, 104, 105, 106, 107, 113, 114, 115, 116, 122, 123, 124, 125, 126], "excluded_lines": [], "start_line": 1}}}}, "totals": {"covered_lines": 296, "num_statements": 1013, "percent_covered": 29.220138203356367, "percent_covered_display": "29", "missing_lines": 717, "excluded_lines": 0, "percent_statements_covered": 29.220138203356367, "percent_statements_covered_display": "29"}}